  [1m[36m (1.3ms)[0m  [1mCREATE TABLE "schema_migrations" ("version" varchar(255) NOT NULL) [0m
  [1m[35m (1.2ms)[0m  CREATE UNIQUE INDEX "unique_schema_migrations" ON "schema_migrations" ("version")
  [1m[36mActiveRecord::SchemaMigration Load (0.1ms)[0m  [1mSELECT "schema_migrations".* FROM "schema_migrations"[0m
Migrating to CreateUsers (20130810150606)
  [1m[36mActiveRecord::SchemaMigration Load (0.1ms)[0m  [1mSELECT "schema_migrations".* FROM "schema_migrations"[0m
Migrating to CreateUsers (20130810150606)
  [1m[35m (0.1ms)[0m  begin transaction
  [1m[36m (1.1ms)[0m  [1mCREATE TABLE "users" ("id" INTEGER PRIMARY KEY AUTOINCREMENT NOT NULL, "first_name" varchar(255), "last_name" varchar(255), "email" varchar(255), "password" varchar(255), "created_at" datetime, "updated_at" datetime) [0m
  [1m[35mSQL (0.3ms)[0m  INSERT INTO "schema_migrations" ("version") VALUES (?)  [["version", "20130810150606"]]
  [1m[36m (1.2ms)[0m  [1mcommit transaction[0m
Migrating to CreateParents (20130810150636)
  [1m[35m (0.1ms)[0m  begin transaction
  [1m[36m (0.4ms)[0m  [1mCREATE TABLE "parents" ("id" INTEGER PRIMARY KEY AUTOINCREMENT NOT NULL, "created_at" datetime, "updated_at" datetime) [0m
  [1m[35mSQL (0.1ms)[0m  INSERT INTO "schema_migrations" ("version") VALUES (?)  [["version", "20130810150636"]]
  [1m[36m (1.3ms)[0m  [1mcommit transaction[0m
Migrating to CreateEducators (20130810150640)
  [1m[35m (0.1ms)[0m  begin transaction
  [1m[36m (0.3ms)[0m  [1mCREATE TABLE "educators" ("id" INTEGER PRIMARY KEY AUTOINCREMENT NOT NULL, "created_at" datetime, "updated_at" datetime) [0m
  [1m[35mSQL (0.1ms)[0m  INSERT INTO "schema_migrations" ("version") VALUES (?)  [["version", "20130810150640"]]
  [1m[36m (0.8ms)[0m  [1mcommit transaction[0m
Migrating to CreateChildren (20130810150835)
  [1m[35m (0.1ms)[0m  begin transaction
  [1m[36m (0.3ms)[0m  [1mCREATE TABLE "children" ("id" INTEGER PRIMARY KEY AUTOINCREMENT NOT NULL, "first_name" varchar(255), "last_name" varchar(255), "created_at" datetime, "updated_at" datetime) [0m
  [1m[35mSQL (0.1ms)[0m  INSERT INTO "schema_migrations" ("version") VALUES (?)  [["version", "20130810150835"]]
  [1m[36m (1.3ms)[0m  [1mcommit transaction[0m
  [1m[35mActiveRecord::SchemaMigration Load (0.1ms)[0m  SELECT "schema_migrations".* FROM "schema_migrations"


Started GET "/" for 127.0.0.1 at 2013-08-10 11:12:02 -0400
  [1m[36mActiveRecord::SchemaMigration Load (0.1ms)[0m  [1mSELECT "schema_migrations".* FROM "schema_migrations"[0m

ActionController::RoutingError (uninitialized constant WelcomeController):
  activesupport (4.0.0) lib/active_support/inflector/methods.rb:226:in `const_get'
  activesupport (4.0.0) lib/active_support/inflector/methods.rb:226:in `block in constantize'
  activesupport (4.0.0) lib/active_support/inflector/methods.rb:224:in `each'
  activesupport (4.0.0) lib/active_support/inflector/methods.rb:224:in `inject'
  activesupport (4.0.0) lib/active_support/inflector/methods.rb:224:in `constantize'
  actionpack (4.0.0) lib/action_dispatch/routing/route_set.rb:76:in `controller_reference'
  actionpack (4.0.0) lib/action_dispatch/routing/route_set.rb:66:in `controller'
  actionpack (4.0.0) lib/action_dispatch/routing/route_set.rb:44:in `call'
  actionpack (4.0.0) lib/action_dispatch/journey/router.rb:71:in `block in call'
  actionpack (4.0.0) lib/action_dispatch/journey/router.rb:59:in `each'
  actionpack (4.0.0) lib/action_dispatch/journey/router.rb:59:in `call'
  actionpack (4.0.0) lib/action_dispatch/routing/route_set.rb:655:in `call'
  rack (1.5.2) lib/rack/etag.rb:23:in `call'
  rack (1.5.2) lib/rack/conditionalget.rb:25:in `call'
  rack (1.5.2) lib/rack/head.rb:11:in `call'
  actionpack (4.0.0) lib/action_dispatch/middleware/params_parser.rb:27:in `call'
  actionpack (4.0.0) lib/action_dispatch/middleware/flash.rb:241:in `call'
  rack (1.5.2) lib/rack/session/abstract/id.rb:225:in `context'
  rack (1.5.2) lib/rack/session/abstract/id.rb:220:in `call'
  actionpack (4.0.0) lib/action_dispatch/middleware/cookies.rb:486:in `call'
  activerecord (4.0.0) lib/active_record/query_cache.rb:36:in `call'
  activerecord (4.0.0) lib/active_record/connection_adapters/abstract/connection_pool.rb:626:in `call'
  activerecord (4.0.0) lib/active_record/migration.rb:369:in `call'
  actionpack (4.0.0) lib/action_dispatch/middleware/callbacks.rb:29:in `block in call'
  activesupport (4.0.0) lib/active_support/callbacks.rb:373:in `_run__1228305561756655737__call__callbacks'
  activesupport (4.0.0) lib/active_support/callbacks.rb:80:in `run_callbacks'
  actionpack (4.0.0) lib/action_dispatch/middleware/callbacks.rb:27:in `call'
  actionpack (4.0.0) lib/action_dispatch/middleware/reloader.rb:64:in `call'
  actionpack (4.0.0) lib/action_dispatch/middleware/remote_ip.rb:76:in `call'
  actionpack (4.0.0) lib/action_dispatch/middleware/debug_exceptions.rb:17:in `call'
  actionpack (4.0.0) lib/action_dispatch/middleware/show_exceptions.rb:30:in `call'
  railties (4.0.0) lib/rails/rack/logger.rb:38:in `call_app'
  railties (4.0.0) lib/rails/rack/logger.rb:21:in `block in call'
  activesupport (4.0.0) lib/active_support/tagged_logging.rb:67:in `block in tagged'
  activesupport (4.0.0) lib/active_support/tagged_logging.rb:25:in `tagged'
  activesupport (4.0.0) lib/active_support/tagged_logging.rb:67:in `tagged'
  railties (4.0.0) lib/rails/rack/logger.rb:21:in `call'
  actionpack (4.0.0) lib/action_dispatch/middleware/request_id.rb:21:in `call'
  rack (1.5.2) lib/rack/methodoverride.rb:21:in `call'
  rack (1.5.2) lib/rack/runtime.rb:17:in `call'
  activesupport (4.0.0) lib/active_support/cache/strategy/local_cache.rb:83:in `call'
  rack (1.5.2) lib/rack/lock.rb:17:in `call'
  actionpack (4.0.0) lib/action_dispatch/middleware/static.rb:64:in `call'
  railties (4.0.0) lib/rails/engine.rb:511:in `call'
  railties (4.0.0) lib/rails/application.rb:97:in `call'
  rack (1.5.2) lib/rack/lock.rb:17:in `call'
  rack (1.5.2) lib/rack/content_length.rb:14:in `call'
  rack (1.5.2) lib/rack/handler/webrick.rb:60:in `service'
  /Users/max/.rvm/rubies/ruby-1.9.3-p194/lib/ruby/1.9.1/webrick/httpserver.rb:138:in `service'
  /Users/max/.rvm/rubies/ruby-1.9.3-p194/lib/ruby/1.9.1/webrick/httpserver.rb:94:in `run'
  /Users/max/.rvm/rubies/ruby-1.9.3-p194/lib/ruby/1.9.1/webrick/server.rb:191:in `block in start_thread'


  Rendered /Users/max/.rvm/gems/ruby-1.9.3-p194@childhood/gems/actionpack-4.0.0/lib/action_dispatch/middleware/templates/rescues/_trace.erb (1.2ms)
  Rendered /Users/max/.rvm/gems/ruby-1.9.3-p194@childhood/gems/actionpack-4.0.0/lib/action_dispatch/middleware/templates/routes/_route.html.erb (0.8ms)
  Rendered /Users/max/.rvm/gems/ruby-1.9.3-p194@childhood/gems/actionpack-4.0.0/lib/action_dispatch/middleware/templates/routes/_table.html.erb (6.7ms)
  Rendered /Users/max/.rvm/gems/ruby-1.9.3-p194@childhood/gems/actionpack-4.0.0/lib/action_dispatch/middleware/templates/rescues/routing_error.erb within rescues/layout (33.5ms)


Started GET "/" for 127.0.0.1 at 2013-08-10 11:12:27 -0400

AbstractController::ActionNotFound (The action 'index' could not be found for WelcomeController):
  actionpack (4.0.0) lib/abstract_controller/base.rb:131:in `process'
  actionpack (4.0.0) lib/abstract_controller/rendering.rb:44:in `process'
  actionpack (4.0.0) lib/action_controller/metal.rb:195:in `dispatch'
  actionpack (4.0.0) lib/action_controller/metal/rack_delegation.rb:13:in `dispatch'
  actionpack (4.0.0) lib/action_controller/metal.rb:231:in `block in action'
  actionpack (4.0.0) lib/action_dispatch/routing/route_set.rb:80:in `call'
  actionpack (4.0.0) lib/action_dispatch/routing/route_set.rb:80:in `dispatch'
  actionpack (4.0.0) lib/action_dispatch/routing/route_set.rb:48:in `call'
  actionpack (4.0.0) lib/action_dispatch/journey/router.rb:71:in `block in call'
  actionpack (4.0.0) lib/action_dispatch/journey/router.rb:59:in `each'
  actionpack (4.0.0) lib/action_dispatch/journey/router.rb:59:in `call'
  actionpack (4.0.0) lib/action_dispatch/routing/route_set.rb:655:in `call'
  rack (1.5.2) lib/rack/etag.rb:23:in `call'
  rack (1.5.2) lib/rack/conditionalget.rb:25:in `call'
  rack (1.5.2) lib/rack/head.rb:11:in `call'
  actionpack (4.0.0) lib/action_dispatch/middleware/params_parser.rb:27:in `call'
  actionpack (4.0.0) lib/action_dispatch/middleware/flash.rb:241:in `call'
  rack (1.5.2) lib/rack/session/abstract/id.rb:225:in `context'
  rack (1.5.2) lib/rack/session/abstract/id.rb:220:in `call'
  actionpack (4.0.0) lib/action_dispatch/middleware/cookies.rb:486:in `call'
  activerecord (4.0.0) lib/active_record/query_cache.rb:36:in `call'
  activerecord (4.0.0) lib/active_record/connection_adapters/abstract/connection_pool.rb:626:in `call'
  activerecord (4.0.0) lib/active_record/migration.rb:369:in `call'
  actionpack (4.0.0) lib/action_dispatch/middleware/callbacks.rb:29:in `block in call'
  activesupport (4.0.0) lib/active_support/callbacks.rb:373:in `_run__1228305561756655737__call__callbacks'
  activesupport (4.0.0) lib/active_support/callbacks.rb:80:in `run_callbacks'
  actionpack (4.0.0) lib/action_dispatch/middleware/callbacks.rb:27:in `call'
  actionpack (4.0.0) lib/action_dispatch/middleware/reloader.rb:64:in `call'
  actionpack (4.0.0) lib/action_dispatch/middleware/remote_ip.rb:76:in `call'
  actionpack (4.0.0) lib/action_dispatch/middleware/debug_exceptions.rb:17:in `call'
  actionpack (4.0.0) lib/action_dispatch/middleware/show_exceptions.rb:30:in `call'
  railties (4.0.0) lib/rails/rack/logger.rb:38:in `call_app'
  railties (4.0.0) lib/rails/rack/logger.rb:21:in `block in call'
  activesupport (4.0.0) lib/active_support/tagged_logging.rb:67:in `block in tagged'
  activesupport (4.0.0) lib/active_support/tagged_logging.rb:25:in `tagged'
  activesupport (4.0.0) lib/active_support/tagged_logging.rb:67:in `tagged'
  railties (4.0.0) lib/rails/rack/logger.rb:21:in `call'
  actionpack (4.0.0) lib/action_dispatch/middleware/request_id.rb:21:in `call'
  rack (1.5.2) lib/rack/methodoverride.rb:21:in `call'
  rack (1.5.2) lib/rack/runtime.rb:17:in `call'
  activesupport (4.0.0) lib/active_support/cache/strategy/local_cache.rb:83:in `call'
  rack (1.5.2) lib/rack/lock.rb:17:in `call'
  actionpack (4.0.0) lib/action_dispatch/middleware/static.rb:64:in `call'
  railties (4.0.0) lib/rails/engine.rb:511:in `call'
  railties (4.0.0) lib/rails/application.rb:97:in `call'
  rack (1.5.2) lib/rack/lock.rb:17:in `call'
  rack (1.5.2) lib/rack/content_length.rb:14:in `call'
  rack (1.5.2) lib/rack/handler/webrick.rb:60:in `service'
  /Users/max/.rvm/rubies/ruby-1.9.3-p194/lib/ruby/1.9.1/webrick/httpserver.rb:138:in `service'
  /Users/max/.rvm/rubies/ruby-1.9.3-p194/lib/ruby/1.9.1/webrick/httpserver.rb:94:in `run'
  /Users/max/.rvm/rubies/ruby-1.9.3-p194/lib/ruby/1.9.1/webrick/server.rb:191:in `block in start_thread'


  Rendered /Users/max/.rvm/gems/ruby-1.9.3-p194@childhood/gems/actionpack-4.0.0/lib/action_dispatch/middleware/templates/rescues/unknown_action.erb within rescues/layout (0.4ms)


Started GET "/" for 127.0.0.1 at 2013-08-10 11:12:51 -0400
Processing by WelcomeController#index as HTML
Completed 500 Internal Server Error in 31ms

ActionView::MissingTemplate (Missing template welcome/index, application/index with {:locale=>[:en], :formats=>[:html], :handlers=>[:erb, :builder, :raw, :ruby, :jbuilder, :coffee]}. Searched in:
  * "/Users/max/repos/personal/startupweekend/app/app/views"
):
  app/controllers/welcome_controller.rb:4:in `index'


  Rendered /Users/max/.rvm/gems/ruby-1.9.3-p194@childhood/gems/actionpack-4.0.0/lib/action_dispatch/middleware/templates/rescues/missing_template.erb within rescues/layout (0.4ms)


Started GET "/" for 127.0.0.1 at 2013-08-10 11:13:05 -0400
Processing by WelcomeController#index as HTML
  Rendered welcome/index.erb within layouts/application (0.4ms)
Completed 200 OK in 803ms (Views: 802.4ms | ActiveRecord: 0.0ms)


Started GET "/assets/application.css?body=1" for 127.0.0.1 at 2013-08-10 11:13:06 -0400


Started GET "/assets/educator.css?body=1" for 127.0.0.1 at 2013-08-10 11:13:06 -0400


Started GET "/assets/parent.css?body=1" for 127.0.0.1 at 2013-08-10 11:13:06 -0400


Started GET "/assets/jquery.js?body=1" for 127.0.0.1 at 2013-08-10 11:13:06 -0400


Started GET "/assets/welcome.css?body=1" for 127.0.0.1 at 2013-08-10 11:13:06 -0400


Started GET "/assets/jquery_ujs.js?body=1" for 127.0.0.1 at 2013-08-10 11:13:06 -0400


Started GET "/assets/turbolinks.js?body=1" for 127.0.0.1 at 2013-08-10 11:13:06 -0400


Started GET "/assets/educator.js?body=1" for 127.0.0.1 at 2013-08-10 11:13:06 -0400


Started GET "/assets/parent.js?body=1" for 127.0.0.1 at 2013-08-10 11:13:06 -0400


Started GET "/assets/application.js?body=1" for 127.0.0.1 at 2013-08-10 11:13:06 -0400


Started GET "/assets/welcome.js?body=1" for 127.0.0.1 at 2013-08-10 11:13:06 -0400


Started GET "/" for 127.0.0.1 at 2013-08-10 11:16:04 -0400
  [1m[36mActiveRecord::SchemaMigration Load (0.1ms)[0m  [1mSELECT "schema_migrations".* FROM "schema_migrations"[0m
Processing by WelcomeController#index as HTML
  Rendered welcome/index.erb within layouts/application (1.6ms)
Completed 500 Internal Server Error in 72ms

ActionView::Template::Error (couldn't find file 'jquery'
  (in /Users/max/repos/personal/startupweekend/app/app/assets/javascripts/application.js:13)):
    3: <head>
    4:   <title>LearningLoop</title>
    5:   <%= stylesheet_link_tag    "application", media: "all", "data-turbolinks-track" => true %>
    6:   <%= javascript_include_tag "application", "data-turbolinks-track" => true %>
    7:   <%= csrf_meta_tags %>
    8: </head>
    9: <body>
  app/views/layouts/application.html.erb:6:in `_app_views_layouts_application_html_erb___3925631684375885102_70312673397060'
  app/controllers/welcome_controller.rb:4:in `index'


  Rendered /Users/max/.rvm/gems/ruby-1.9.3-p194@childhood/gems/actionpack-4.0.0/lib/action_dispatch/middleware/templates/rescues/_trace.erb (1.2ms)
  Rendered /Users/max/.rvm/gems/ruby-1.9.3-p194@childhood/gems/actionpack-4.0.0/lib/action_dispatch/middleware/templates/rescues/_request_and_response.erb (0.9ms)
  Rendered /Users/max/.rvm/gems/ruby-1.9.3-p194@childhood/gems/actionpack-4.0.0/lib/action_dispatch/middleware/templates/rescues/template_error.erb within rescues/layout (12.2ms)


Started GET "/" for 127.0.0.1 at 2013-08-10 11:16:05 -0400
Processing by WelcomeController#index as HTML
  Rendered welcome/index.erb within layouts/application (0.0ms)
Completed 500 Internal Server Error in 9ms

ActionView::Template::Error (couldn't find file 'jquery'
  (in /Users/max/repos/personal/startupweekend/app/app/assets/javascripts/application.js:13)):
    3: <head>
    4:   <title>LearningLoop</title>
    5:   <%= stylesheet_link_tag    "application", media: "all", "data-turbolinks-track" => true %>
    6:   <%= javascript_include_tag "application", "data-turbolinks-track" => true %>
    7:   <%= csrf_meta_tags %>
    8: </head>
    9: <body>
  app/views/layouts/application.html.erb:6:in `_app_views_layouts_application_html_erb___3925631684375885102_70312673397060'
  app/controllers/welcome_controller.rb:4:in `index'


  Rendered /Users/max/.rvm/gems/ruby-1.9.3-p194@childhood/gems/actionpack-4.0.0/lib/action_dispatch/middleware/templates/rescues/_trace.erb (1.2ms)
  Rendered /Users/max/.rvm/gems/ruby-1.9.3-p194@childhood/gems/actionpack-4.0.0/lib/action_dispatch/middleware/templates/rescues/_request_and_response.erb (1.0ms)
  Rendered /Users/max/.rvm/gems/ruby-1.9.3-p194@childhood/gems/actionpack-4.0.0/lib/action_dispatch/middleware/templates/rescues/template_error.erb within rescues/layout (10.6ms)


Started GET "/" for 127.0.0.1 at 2013-08-10 11:18:00 -0400
  [1m[36mActiveRecord::SchemaMigration Load (0.1ms)[0m  [1mSELECT "schema_migrations".* FROM "schema_migrations"[0m
Processing by WelcomeController#index as HTML
  Rendered welcome/index.erb within layouts/application (1.8ms)
Completed 500 Internal Server Error in 72ms

ActionView::Template::Error (couldn't find file 'jquery'
  (in /Users/max/repos/personal/startupweekend/app/app/assets/javascripts/application.js:13)):
    3: <head>
    4:   <title>LearningLoop</title>
    5:   <%= stylesheet_link_tag    "application", media: "all", "data-turbolinks-track" => true %>
    6:   <%= javascript_include_tag "application", "data-turbolinks-track" => true %>
    7:   <%= csrf_meta_tags %>
    8: </head>
    9: <body>
  app/views/layouts/application.html.erb:6:in `_app_views_layouts_application_html_erb___1889427311482729688_70239783562680'
  app/controllers/welcome_controller.rb:4:in `index'


  Rendered /Users/max/.rvm/gems/ruby-1.9.3-p194@childhood/gems/actionpack-4.0.0/lib/action_dispatch/middleware/templates/rescues/_trace.erb (1.2ms)
  Rendered /Users/max/.rvm/gems/ruby-1.9.3-p194@childhood/gems/actionpack-4.0.0/lib/action_dispatch/middleware/templates/rescues/_request_and_response.erb (0.9ms)
  Rendered /Users/max/.rvm/gems/ruby-1.9.3-p194@childhood/gems/actionpack-4.0.0/lib/action_dispatch/middleware/templates/rescues/template_error.erb within rescues/layout (10.6ms)


Started GET "/" for 127.0.0.1 at 2013-08-10 11:25:39 -0400
  [1m[36mActiveRecord::SchemaMigration Load (0.1ms)[0m  [1mSELECT "schema_migrations".* FROM "schema_migrations"[0m
Processing by WelcomeController#index as HTML
  Rendered welcome/index.erb within layouts/application (1.7ms)
Completed 500 Internal Server Error in 71ms

ActionView::Template::Error (couldn't find file 'jquery'
  (in /Users/max/repos/personal/startupweekend/app/app/assets/javascripts/application.js:13)):
    3: <head>
    4:   <title>LearningLoop</title>
    5:   <%= stylesheet_link_tag    "application", media: "all", "data-turbolinks-track" => true %>
    6:   <%= javascript_include_tag "application", "data-turbolinks-track" => true %>
    7:   <%= csrf_meta_tags %>
    8: </head>
    9: <body>
  app/views/layouts/application.html.erb:6:in `_app_views_layouts_application_html_erb___4408796258236966850_70208913027160'
  app/controllers/welcome_controller.rb:4:in `index'


  Rendered /Users/max/.rvm/gems/ruby-1.9.3-p194@childhood/gems/actionpack-4.0.0/lib/action_dispatch/middleware/templates/rescues/_trace.erb (1.4ms)
  Rendered /Users/max/.rvm/gems/ruby-1.9.3-p194@childhood/gems/actionpack-4.0.0/lib/action_dispatch/middleware/templates/rescues/_request_and_response.erb (1.0ms)
  Rendered /Users/max/.rvm/gems/ruby-1.9.3-p194@childhood/gems/actionpack-4.0.0/lib/action_dispatch/middleware/templates/rescues/template_error.erb within rescues/layout (11.2ms)


Started GET "/" for 127.0.0.1 at 2013-08-10 11:25:46 -0400
Processing by WelcomeController#index as HTML
  Rendered welcome/index.erb within layouts/application (0.0ms)
Completed 500 Internal Server Error in 9ms

ActionView::Template::Error (couldn't find file 'jquery'
  (in /Users/max/repos/personal/startupweekend/app/app/assets/javascripts/application.js:13)):
    3: <head>
    4:   <title>LearningLoop</title>
    5:   <%= stylesheet_link_tag    "application", media: "all", "data-turbolinks-track" => true %>
    6:   <%= javascript_include_tag "application", "data-turbolinks-track" => true %>
    7:   <%= csrf_meta_tags %>
    8: </head>
    9: <body>
  app/views/layouts/application.html.erb:6:in `_app_views_layouts_application_html_erb___4408796258236966850_70208913027160'
  app/controllers/welcome_controller.rb:4:in `index'


  Rendered /Users/max/.rvm/gems/ruby-1.9.3-p194@childhood/gems/actionpack-4.0.0/lib/action_dispatch/middleware/templates/rescues/_trace.erb (1.2ms)
  Rendered /Users/max/.rvm/gems/ruby-1.9.3-p194@childhood/gems/actionpack-4.0.0/lib/action_dispatch/middleware/templates/rescues/_request_and_response.erb (1.0ms)
  Rendered /Users/max/.rvm/gems/ruby-1.9.3-p194@childhood/gems/actionpack-4.0.0/lib/action_dispatch/middleware/templates/rescues/template_error.erb within rescues/layout (10.6ms)


Started GET "/" for 127.0.0.1 at 2013-08-10 11:25:47 -0400
Processing by WelcomeController#index as HTML
  Rendered welcome/index.erb within layouts/application (0.0ms)
Completed 500 Internal Server Error in 27ms

ActionView::Template::Error (couldn't find file 'jquery'
  (in /Users/max/repos/personal/startupweekend/app/app/assets/javascripts/application.js:13)):
    3: <head>
    4:   <title>LearningLoop</title>
    5:   <%= stylesheet_link_tag    "application", media: "all", "data-turbolinks-track" => true %>
    6:   <%= javascript_include_tag "application", "data-turbolinks-track" => true %>
    7:   <%= csrf_meta_tags %>
    8: </head>
    9: <body>
  app/views/layouts/application.html.erb:6:in `_app_views_layouts_application_html_erb___4408796258236966850_70208913027160'
  app/controllers/welcome_controller.rb:4:in `index'


  Rendered /Users/max/.rvm/gems/ruby-1.9.3-p194@childhood/gems/actionpack-4.0.0/lib/action_dispatch/middleware/templates/rescues/_trace.erb (1.2ms)
  Rendered /Users/max/.rvm/gems/ruby-1.9.3-p194@childhood/gems/actionpack-4.0.0/lib/action_dispatch/middleware/templates/rescues/_request_and_response.erb (0.9ms)
  Rendered /Users/max/.rvm/gems/ruby-1.9.3-p194@childhood/gems/actionpack-4.0.0/lib/action_dispatch/middleware/templates/rescues/template_error.erb within rescues/layout (10.4ms)


Started GET "/" for 127.0.0.1 at 2013-08-10 11:27:04 -0400
Processing by WelcomeController#index as HTML
  Rendered welcome/index.erb within layouts/application (0.0ms)
Completed 500 Internal Server Error in 8ms

ActionView::Template::Error (couldn't find file 'jquery'
  (in /Users/max/repos/personal/startupweekend/app/app/assets/javascripts/application.js:13)):
    3: <head>
    4:   <title>LearningLoop</title>
    5:   <%= stylesheet_link_tag    "application", media: "all", "data-turbolinks-track" => true %>
    6:   <%= javascript_include_tag "application", "data-turbolinks-track" => true %>
    7:   <%= csrf_meta_tags %>
    8: </head>
    9: <body>
  app/views/layouts/application.html.erb:6:in `_app_views_layouts_application_html_erb___4408796258236966850_70208913027160'
  app/controllers/welcome_controller.rb:4:in `index'


  Rendered /Users/max/.rvm/gems/ruby-1.9.3-p194@childhood/gems/actionpack-4.0.0/lib/action_dispatch/middleware/templates/rescues/_trace.erb (1.1ms)
  Rendered /Users/max/.rvm/gems/ruby-1.9.3-p194@childhood/gems/actionpack-4.0.0/lib/action_dispatch/middleware/templates/rescues/_request_and_response.erb (0.9ms)
  Rendered /Users/max/.rvm/gems/ruby-1.9.3-p194@childhood/gems/actionpack-4.0.0/lib/action_dispatch/middleware/templates/rescues/template_error.erb within rescues/layout (10.2ms)


Started GET "/" for 127.0.0.1 at 2013-08-10 11:27:15 -0400
Processing by WelcomeController#index as HTML
  Rendered welcome/index.erb within layouts/application (0.0ms)
Completed 500 Internal Server Error in 8ms

ActionView::Template::Error (couldn't find file 'jquery'
  (in /Users/max/repos/personal/startupweekend/app/app/assets/javascripts/application.js:13)):
    3: <head>
    4:   <title>LearningLoop</title>
    5:   <%= stylesheet_link_tag    "application", media: "all", "data-turbolinks-track" => true %>
    6:   <%= javascript_include_tag "application", "data-turbolinks-track" => true %>
    7:   <%= csrf_meta_tags %>
    8: </head>
    9: <body>
  app/views/layouts/application.html.erb:6:in `_app_views_layouts_application_html_erb___4408796258236966850_70208913027160'
  app/controllers/welcome_controller.rb:4:in `index'


  Rendered /Users/max/.rvm/gems/ruby-1.9.3-p194@childhood/gems/actionpack-4.0.0/lib/action_dispatch/middleware/templates/rescues/_trace.erb (1.3ms)
  Rendered /Users/max/.rvm/gems/ruby-1.9.3-p194@childhood/gems/actionpack-4.0.0/lib/action_dispatch/middleware/templates/rescues/_request_and_response.erb (1.0ms)
  Rendered /Users/max/.rvm/gems/ruby-1.9.3-p194@childhood/gems/actionpack-4.0.0/lib/action_dispatch/middleware/templates/rescues/template_error.erb within rescues/layout (11.3ms)


Started GET "/" for 127.0.0.1 at 2013-08-10 11:27:15 -0400
Processing by WelcomeController#index as HTML
  Rendered welcome/index.erb within layouts/application (0.0ms)
Completed 500 Internal Server Error in 9ms

ActionView::Template::Error (couldn't find file 'jquery'
  (in /Users/max/repos/personal/startupweekend/app/app/assets/javascripts/application.js:13)):
    3: <head>
    4:   <title>LearningLoop</title>
    5:   <%= stylesheet_link_tag    "application", media: "all", "data-turbolinks-track" => true %>
    6:   <%= javascript_include_tag "application", "data-turbolinks-track" => true %>
    7:   <%= csrf_meta_tags %>
    8: </head>
    9: <body>
  app/views/layouts/application.html.erb:6:in `_app_views_layouts_application_html_erb___4408796258236966850_70208913027160'
  app/controllers/welcome_controller.rb:4:in `index'


  Rendered /Users/max/.rvm/gems/ruby-1.9.3-p194@childhood/gems/actionpack-4.0.0/lib/action_dispatch/middleware/templates/rescues/_trace.erb (1.1ms)
  Rendered /Users/max/.rvm/gems/ruby-1.9.3-p194@childhood/gems/actionpack-4.0.0/lib/action_dispatch/middleware/templates/rescues/_request_and_response.erb (1.0ms)
  Rendered /Users/max/.rvm/gems/ruby-1.9.3-p194@childhood/gems/actionpack-4.0.0/lib/action_dispatch/middleware/templates/rescues/template_error.erb within rescues/layout (10.5ms)


Started GET "/" for 127.0.0.1 at 2013-08-10 11:27:16 -0400
Processing by WelcomeController#index as HTML
  Rendered welcome/index.erb within layouts/application (0.0ms)
Completed 500 Internal Server Error in 9ms

ActionView::Template::Error (couldn't find file 'jquery'
  (in /Users/max/repos/personal/startupweekend/app/app/assets/javascripts/application.js:13)):
    3: <head>
    4:   <title>LearningLoop</title>
    5:   <%= stylesheet_link_tag    "application", media: "all", "data-turbolinks-track" => true %>
    6:   <%= javascript_include_tag "application", "data-turbolinks-track" => true %>
    7:   <%= csrf_meta_tags %>
    8: </head>
    9: <body>
  app/views/layouts/application.html.erb:6:in `_app_views_layouts_application_html_erb___4408796258236966850_70208913027160'
  app/controllers/welcome_controller.rb:4:in `index'


  Rendered /Users/max/.rvm/gems/ruby-1.9.3-p194@childhood/gems/actionpack-4.0.0/lib/action_dispatch/middleware/templates/rescues/_trace.erb (1.3ms)
  Rendered /Users/max/.rvm/gems/ruby-1.9.3-p194@childhood/gems/actionpack-4.0.0/lib/action_dispatch/middleware/templates/rescues/_request_and_response.erb (0.9ms)
  Rendered /Users/max/.rvm/gems/ruby-1.9.3-p194@childhood/gems/actionpack-4.0.0/lib/action_dispatch/middleware/templates/rescues/template_error.erb within rescues/layout (28.5ms)


Started GET "/" for 127.0.0.1 at 2013-08-10 11:27:16 -0400
Processing by WelcomeController#index as HTML
  Rendered welcome/index.erb within layouts/application (0.0ms)
Completed 500 Internal Server Error in 9ms

ActionView::Template::Error (couldn't find file 'jquery'
  (in /Users/max/repos/personal/startupweekend/app/app/assets/javascripts/application.js:13)):
    3: <head>
    4:   <title>LearningLoop</title>
    5:   <%= stylesheet_link_tag    "application", media: "all", "data-turbolinks-track" => true %>
    6:   <%= javascript_include_tag "application", "data-turbolinks-track" => true %>
    7:   <%= csrf_meta_tags %>
    8: </head>
    9: <body>
  app/views/layouts/application.html.erb:6:in `_app_views_layouts_application_html_erb___4408796258236966850_70208913027160'
  app/controllers/welcome_controller.rb:4:in `index'


  Rendered /Users/max/.rvm/gems/ruby-1.9.3-p194@childhood/gems/actionpack-4.0.0/lib/action_dispatch/middleware/templates/rescues/_trace.erb (1.1ms)
  Rendered /Users/max/.rvm/gems/ruby-1.9.3-p194@childhood/gems/actionpack-4.0.0/lib/action_dispatch/middleware/templates/rescues/_request_and_response.erb (0.9ms)
  Rendered /Users/max/.rvm/gems/ruby-1.9.3-p194@childhood/gems/actionpack-4.0.0/lib/action_dispatch/middleware/templates/rescues/template_error.erb within rescues/layout (10.3ms)


Started GET "/" for 127.0.0.1 at 2013-08-10 11:27:16 -0400
Processing by WelcomeController#index as HTML
  Rendered welcome/index.erb within layouts/application (0.0ms)
Completed 500 Internal Server Error in 8ms

ActionView::Template::Error (couldn't find file 'jquery'
  (in /Users/max/repos/personal/startupweekend/app/app/assets/javascripts/application.js:13)):
    3: <head>
    4:   <title>LearningLoop</title>
    5:   <%= stylesheet_link_tag    "application", media: "all", "data-turbolinks-track" => true %>
    6:   <%= javascript_include_tag "application", "data-turbolinks-track" => true %>
    7:   <%= csrf_meta_tags %>
    8: </head>
    9: <body>
  app/views/layouts/application.html.erb:6:in `_app_views_layouts_application_html_erb___4408796258236966850_70208913027160'
  app/controllers/welcome_controller.rb:4:in `index'


  Rendered /Users/max/.rvm/gems/ruby-1.9.3-p194@childhood/gems/actionpack-4.0.0/lib/action_dispatch/middleware/templates/rescues/_trace.erb (1.1ms)
  Rendered /Users/max/.rvm/gems/ruby-1.9.3-p194@childhood/gems/actionpack-4.0.0/lib/action_dispatch/middleware/templates/rescues/_request_and_response.erb (0.9ms)
  Rendered /Users/max/.rvm/gems/ruby-1.9.3-p194@childhood/gems/actionpack-4.0.0/lib/action_dispatch/middleware/templates/rescues/template_error.erb within rescues/layout (10.2ms)


Started GET "/" for 127.0.0.1 at 2013-08-10 11:27:42 -0400
  [1m[36mActiveRecord::SchemaMigration Load (0.1ms)[0m  [1mSELECT "schema_migrations".* FROM "schema_migrations"[0m
Processing by WelcomeController#index as HTML
  Rendered welcome/index.erb within layouts/application (1.6ms)
Completed 500 Internal Server Error in 29ms

ActionView::Template::Error (couldn't find file 'jquery_ujs'
  (in /Users/max/repos/personal/startupweekend/app/app/assets/javascripts/application.js:14)):
    3: <head>
    4:   <title>LearningLoop</title>
    5:   <%= stylesheet_link_tag    "application", media: "all", "data-turbolinks-track" => true %>
    6:   <%= javascript_include_tag "application", "data-turbolinks-track" => true %>
    7:   <%= csrf_meta_tags %>
    8: </head>
    9: <body>
  app/views/layouts/application.html.erb:6:in `_app_views_layouts_application_html_erb___3590836042057247443_70130475347160'
  app/controllers/welcome_controller.rb:4:in `index'


  Rendered /Users/max/.rvm/gems/ruby-1.9.3-p194@childhood/gems/actionpack-4.0.0/lib/action_dispatch/middleware/templates/rescues/_trace.erb (1.1ms)
  Rendered /Users/max/.rvm/gems/ruby-1.9.3-p194@childhood/gems/actionpack-4.0.0/lib/action_dispatch/middleware/templates/rescues/_request_and_response.erb (45.8ms)
  Rendered /Users/max/.rvm/gems/ruby-1.9.3-p194@childhood/gems/actionpack-4.0.0/lib/action_dispatch/middleware/templates/rescues/template_error.erb within rescues/layout (55.3ms)


Started GET "/" for 127.0.0.1 at 2013-08-10 11:30:18 -0400
  [1m[36mActiveRecord::SchemaMigration Load (0.1ms)[0m  [1mSELECT "schema_migrations".* FROM "schema_migrations"[0m
Processing by WelcomeController#index as HTML
  Rendered welcome/index.erb within layouts/application (1.8ms)
Completed 500 Internal Server Error in 48ms

ActionView::Template::Error (couldn't find file 'jquery_ujs'
  (in /Users/max/repos/personal/startupweekend/app/app/assets/javascripts/application.js:14)):
    3: <head>
    4:   <title>LearningLoop</title>
    5:   <%= stylesheet_link_tag    "application", media: "all", "data-turbolinks-track" => true %>
    6:   <%= javascript_include_tag "application", "data-turbolinks-track" => true %>
    7:   <%= csrf_meta_tags %>
    8: </head>
    9: <body>
  app/views/layouts/application.html.erb:6:in `_app_views_layouts_application_html_erb__4397439843873927081_70350012835760'
  app/controllers/welcome_controller.rb:4:in `index'


  Rendered /Users/max/.rvm/gems/ruby-1.9.3-p194@childhood/gems/actionpack-4.0.0/lib/action_dispatch/middleware/templates/rescues/_trace.erb (1.3ms)
  Rendered /Users/max/.rvm/gems/ruby-1.9.3-p194@childhood/gems/actionpack-4.0.0/lib/action_dispatch/middleware/templates/rescues/_request_and_response.erb (29.8ms)
  Rendered /Users/max/.rvm/gems/ruby-1.9.3-p194@childhood/gems/actionpack-4.0.0/lib/action_dispatch/middleware/templates/rescues/template_error.erb within rescues/layout (39.7ms)


Started GET "/" for 127.0.0.1 at 2013-08-10 11:31:20 -0400
  [1m[36mActiveRecord::SchemaMigration Load (0.1ms)[0m  [1mSELECT "schema_migrations".* FROM "schema_migrations"[0m
Processing by WelcomeController#index as HTML
  Rendered welcome/index.erb within layouts/application (1.7ms)
Completed 500 Internal Server Error in 58ms

ActionView::Template::Error (couldn't find file 'turbolinks'
  (in /Users/max/repos/personal/startupweekend/app/app/assets/javascripts/application.js:16)):
    3: <head>
    4:   <title>LearningLoop</title>
    5:   <%= stylesheet_link_tag    "application", media: "all", "data-turbolinks-track" => true %>
    6:   <%= javascript_include_tag "application", "data-turbolinks-track" => true %>
    7:   <%= csrf_meta_tags %>
    8: </head>
    9: <body>
  app/views/layouts/application.html.erb:6:in `_app_views_layouts_application_html_erb___2192592853742020425_70295076892860'
  app/controllers/welcome_controller.rb:4:in `index'


  Rendered /Users/max/.rvm/gems/ruby-1.9.3-p194@childhood/gems/actionpack-4.0.0/lib/action_dispatch/middleware/templates/rescues/_trace.erb (1.2ms)
  Rendered /Users/max/.rvm/gems/ruby-1.9.3-p194@childhood/gems/actionpack-4.0.0/lib/action_dispatch/middleware/templates/rescues/_request_and_response.erb (28.4ms)
  Rendered /Users/max/.rvm/gems/ruby-1.9.3-p194@childhood/gems/actionpack-4.0.0/lib/action_dispatch/middleware/templates/rescues/template_error.erb within rescues/layout (38.0ms)


Started GET "/" for 127.0.0.1 at 2013-08-10 11:31:22 -0400
Processing by WelcomeController#index as HTML
  Rendered welcome/index.erb within layouts/application (0.1ms)
Completed 500 Internal Server Error in 16ms

ActionView::Template::Error (couldn't find file 'turbolinks'
  (in /Users/max/repos/personal/startupweekend/app/app/assets/javascripts/application.js:16)):
    3: <head>
    4:   <title>LearningLoop</title>
    5:   <%= stylesheet_link_tag    "application", media: "all", "data-turbolinks-track" => true %>
    6:   <%= javascript_include_tag "application", "data-turbolinks-track" => true %>
    7:   <%= csrf_meta_tags %>
    8: </head>
    9: <body>
  app/views/layouts/application.html.erb:6:in `_app_views_layouts_application_html_erb___2192592853742020425_70295076892860'
  app/controllers/welcome_controller.rb:4:in `index'


  Rendered /Users/max/.rvm/gems/ruby-1.9.3-p194@childhood/gems/actionpack-4.0.0/lib/action_dispatch/middleware/templates/rescues/_trace.erb (1.2ms)
  Rendered /Users/max/.rvm/gems/ruby-1.9.3-p194@childhood/gems/actionpack-4.0.0/lib/action_dispatch/middleware/templates/rescues/_request_and_response.erb (1.3ms)
  Rendered /Users/max/.rvm/gems/ruby-1.9.3-p194@childhood/gems/actionpack-4.0.0/lib/action_dispatch/middleware/templates/rescues/template_error.erb within rescues/layout (11.1ms)


Started GET "/" for 127.0.0.1 at 2013-08-10 11:33:08 -0400
  [1m[36mActiveRecord::SchemaMigration Load (0.1ms)[0m  [1mSELECT "schema_migrations".* FROM "schema_migrations"[0m
Processing by WelcomeController#index as HTML
  Rendered welcome/index.erb within layouts/application (1.7ms)
Completed 200 OK in 634ms (Views: 589.5ms | ActiveRecord: 0.0ms)


Started GET "/assets/application.css?body=1" for 127.0.0.1 at 2013-08-10 11:33:09 -0400


Started GET "/assets/educator.css?body=1" for 127.0.0.1 at 2013-08-10 11:33:09 -0400


Started GET "/assets/parent.css?body=1" for 127.0.0.1 at 2013-08-10 11:33:09 -0400


Started GET "/assets/jquery.js?body=1" for 127.0.0.1 at 2013-08-10 11:33:09 -0400


Started GET "/assets/welcome.css?body=1" for 127.0.0.1 at 2013-08-10 11:33:09 -0400


Started GET "/assets/jquery_ujs.js?body=1" for 127.0.0.1 at 2013-08-10 11:33:09 -0400


Started GET "/assets/jquery.ui.core.js?body=1" for 127.0.0.1 at 2013-08-10 11:33:09 -0400


Started GET "/assets/jquery.ui.widget.js?body=1" for 127.0.0.1 at 2013-08-10 11:33:09 -0400


Started GET "/assets/jquery.ui.accordion.js?body=1" for 127.0.0.1 at 2013-08-10 11:33:09 -0400


Started GET "/assets/jquery.ui.position.js?body=1" for 127.0.0.1 at 2013-08-10 11:33:09 -0400


Started GET "/assets/jquery.ui.menu.js?body=1" for 127.0.0.1 at 2013-08-10 11:33:09 -0400


Started GET "/assets/jquery.ui.autocomplete.js?body=1" for 127.0.0.1 at 2013-08-10 11:33:09 -0400


Started GET "/assets/jquery.ui.button.js?body=1" for 127.0.0.1 at 2013-08-10 11:33:09 -0400


Started GET "/assets/jquery.ui.datepicker.js?body=1" for 127.0.0.1 at 2013-08-10 11:33:09 -0400


Started GET "/assets/jquery.ui.mouse.js?body=1" for 127.0.0.1 at 2013-08-10 11:33:09 -0400


Started GET "/assets/jquery.ui.draggable.js?body=1" for 127.0.0.1 at 2013-08-10 11:33:09 -0400


Started GET "/assets/jquery.ui.resizable.js?body=1" for 127.0.0.1 at 2013-08-10 11:33:09 -0400


Started GET "/assets/jquery.ui.dialog.js?body=1" for 127.0.0.1 at 2013-08-10 11:33:09 -0400


Started GET "/assets/jquery.ui.droppable.js?body=1" for 127.0.0.1 at 2013-08-10 11:33:09 -0400


Started GET "/assets/jquery.ui.effect.js?body=1" for 127.0.0.1 at 2013-08-10 11:33:09 -0400


Started GET "/assets/jquery.ui.effect-blind.js?body=1" for 127.0.0.1 at 2013-08-10 11:33:09 -0400


Started GET "/assets/jquery.ui.effect-bounce.js?body=1" for 127.0.0.1 at 2013-08-10 11:33:09 -0400


Started GET "/assets/jquery.ui.effect-clip.js?body=1" for 127.0.0.1 at 2013-08-10 11:33:09 -0400


Started GET "/assets/jquery.ui.effect-drop.js?body=1" for 127.0.0.1 at 2013-08-10 11:33:09 -0400


Started GET "/assets/jquery.ui.effect-explode.js?body=1" for 127.0.0.1 at 2013-08-10 11:33:09 -0400


Started GET "/assets/jquery.ui.effect-fade.js?body=1" for 127.0.0.1 at 2013-08-10 11:33:09 -0400


Started GET "/assets/jquery.ui.effect-fold.js?body=1" for 127.0.0.1 at 2013-08-10 11:33:09 -0400


Started GET "/assets/jquery.ui.effect-highlight.js?body=1" for 127.0.0.1 at 2013-08-10 11:33:09 -0400


Started GET "/assets/jquery.ui.effect-pulsate.js?body=1" for 127.0.0.1 at 2013-08-10 11:33:09 -0400


Started GET "/assets/jquery.ui.effect-scale.js?body=1" for 127.0.0.1 at 2013-08-10 11:33:09 -0400


Started GET "/assets/jquery.ui.effect-shake.js?body=1" for 127.0.0.1 at 2013-08-10 11:33:09 -0400


Started GET "/assets/jquery.ui.effect-slide.js?body=1" for 127.0.0.1 at 2013-08-10 11:33:09 -0400


Started GET "/assets/jquery.ui.effect-transfer.js?body=1" for 127.0.0.1 at 2013-08-10 11:33:09 -0400


Started GET "/assets/jquery.ui.progressbar.js?body=1" for 127.0.0.1 at 2013-08-10 11:33:09 -0400


Started GET "/assets/jquery.ui.selectable.js?body=1" for 127.0.0.1 at 2013-08-10 11:33:09 -0400


Started GET "/assets/jquery.ui.slider.js?body=1" for 127.0.0.1 at 2013-08-10 11:33:09 -0400


Started GET "/assets/jquery.ui.sortable.js?body=1" for 127.0.0.1 at 2013-08-10 11:33:09 -0400


Started GET "/assets/jquery.ui.spinner.js?body=1" for 127.0.0.1 at 2013-08-10 11:33:09 -0400


Started GET "/assets/jquery.ui.tabs.js?body=1" for 127.0.0.1 at 2013-08-10 11:33:09 -0400


Started GET "/assets/jquery.ui.tooltip.js?body=1" for 127.0.0.1 at 2013-08-10 11:33:09 -0400


Started GET "/assets/jquery.ui.all.js?body=1" for 127.0.0.1 at 2013-08-10 11:33:09 -0400


Started GET "/assets/turbolinks.js?body=1" for 127.0.0.1 at 2013-08-10 11:33:09 -0400


Started GET "/assets/educator.js?body=1" for 127.0.0.1 at 2013-08-10 11:33:09 -0400


Started GET "/assets/parent.js?body=1" for 127.0.0.1 at 2013-08-10 11:33:09 -0400


Started GET "/assets/welcome.js?body=1" for 127.0.0.1 at 2013-08-10 11:33:09 -0400


Started GET "/assets/application.js?body=1" for 127.0.0.1 at 2013-08-10 11:33:09 -0400
